<?xml version="1.0" encoding="UTF-8"?>
<!-- Generated by org.testng.reporters.JUnitReportReporter -->
<testsuite skipped="0" hostname="home-PC" name="DataProvider" tests="2" failures="0" timestamp="26 Oct 2018 17:38:18 GMT" time="34.618" errors="0">
  <testcase name="getdata" time="17.575" classname="DataProvider"/>
  <testcase name="getdata" time="17.043" classname="DataProvider"/>
</testsuite> <!-- DataProvider -->
