<?xml version="1.0" encoding="UTF-8"?>
<!-- Generated by org.testng.reporters.JUnitReportReporter -->
<testsuite skipped="0" hostname="home-PC" name="GoogleTest" tests="3" failures="0" timestamp="20 Oct 2018 09:32:19 GMT" time="63.240" errors="0">
  <testcase name="GoogleTestTitle" time="14.051" classname="GoogleTest"/>
  <testcase name="GoogleInput" time="11.724" classname="GoogleTest"/>
  <testcase name="LinkVerification" time="37.465" classname="GoogleTest"/>
</testsuite> <!-- GoogleTest -->
